<?xml version="1.0" encoding="UTF-8"?>
<!-- Generated by org.testng.reporters.JUnitXMLReporter -->
<testsuite hostname="DESKTOP-F7NBUAN" ignored="0" name="OpenCart Tests" tests="6" failures="0" timestamp="2021-03-26T13:17:04 MST" time="73.886" errors="0">
  <testcase name="test_account_Registration" time="10.74" classname="testCases.TC_001_AccountRegistration"/>
  <testcase name="test_Login" time="13.217" classname="testCases.TC_002_Login"/>
  <testcase name="test_LoginDDT" time="3.909" classname="testCases.TC_003_LoginDDT"/>
  <testcase name="test_LoginDDT" time="11.968" classname="testCases.TC_003_LoginDDT"/>
  <testcase name="test_LoginDDT" time="11.829" classname="testCases.TC_003_LoginDDT"/>
  <testcase name="test_LoginDDT" time="11.839" classname="testCases.TC_003_LoginDDT"/>
</testsuite> <!-- OpenCart Tests -->
