<?xml version="1.0" encoding="UTF-8"?>
<testng-results skipped="0" failed="0" ignored="0" total="2" passed="2">
  <reporter-output>
  </reporter-output>
  <suite name="OpenCart TestSuite" duration-ms="26850" started-at="2021-03-26T17:39:03 MST" finished-at="2021-03-26T17:39:30 MST">
    <groups>
      <group name="regression">
        <method signature="TC_001_AccountRegistration.test_account_Registration()[pri:0, instance:testCases.TC_001_AccountRegistration@47db50c5]" name="test_account_Registration" class="testCases.TC_001_AccountRegistration"/>
      </group> <!-- regression -->
      <group name="sanity">
        <method signature="TC_002_Login.test_Login()[pri:0, instance:testCases.TC_002_Login@5c072e3f]" name="test_Login" class="testCases.TC_002_Login"/>
      </group> <!-- sanity -->
      <group name="master">
        <method signature="TC_001_AccountRegistration.test_account_Registration()[pri:0, instance:testCases.TC_001_AccountRegistration@47db50c5]" name="test_account_Registration" class="testCases.TC_001_AccountRegistration"/>
        <method signature="TC_002_Login.test_Login()[pri:0, instance:testCases.TC_002_Login@5c072e3f]" name="test_Login" class="testCases.TC_002_Login"/>
      </group> <!-- master -->
    </groups>
    <test name="OpenCart Tests" duration-ms="26850" started-at="2021-03-26T17:39:03 MST" finished-at="2021-03-26T17:39:30 MST">
      <class name="testCases.TC_002_Login">
        <test-method status="PASS" signature="setup(java.lang.String)[pri:0, instance:testCases.TC_002_Login@5c072e3f]" name="setup" is-config="true" duration-ms="1189" started-at="2021-03-26T17:39:18 MST" finished-at="2021-03-26T17:39:19 MST">
          <params>
            <param index="0">
              <value>
                <![CDATA[chrome]]>
              </value>
            </param>
          </params>
          <reporter-output>
          </reporter-output>
        </test-method> <!-- setup -->
        <test-method status="PASS" signature="test_Login()[pri:0, instance:testCases.TC_002_Login@5c072e3f]" name="test_Login" duration-ms="10483" started-at="2021-03-26T17:39:19 MST" finished-at="2021-03-26T17:39:30 MST">
          <reporter-output>
          </reporter-output>
        </test-method> <!-- test_Login -->
        <test-method status="PASS" signature="teadDown()[pri:0, instance:testCases.TC_002_Login@5c072e3f]" name="teadDown" is-config="true" duration-ms="626" started-at="2021-03-26T17:39:30 MST" finished-at="2021-03-26T17:39:30 MST">
          <reporter-output>
          </reporter-output>
        </test-method> <!-- teadDown -->
      </class> <!-- testCases.TC_002_Login -->
      <class name="testCases.TC_001_AccountRegistration">
        <test-method status="PASS" signature="setup(java.lang.String)[pri:0, instance:testCases.TC_001_AccountRegistration@47db50c5]" name="setup" is-config="true" duration-ms="3186" started-at="2021-03-26T17:39:04 MST" finished-at="2021-03-26T17:39:07 MST">
          <params>
            <param index="0">
              <value>
                <![CDATA[chrome]]>
              </value>
            </param>
          </params>
          <reporter-output>
          </reporter-output>
        </test-method> <!-- setup -->
        <test-method status="PASS" signature="test_account_Registration()[pri:0, instance:testCases.TC_001_AccountRegistration@47db50c5]" name="test_account_Registration" duration-ms="10359" started-at="2021-03-26T17:39:07 MST" finished-at="2021-03-26T17:39:17 MST">
          <reporter-output>
          </reporter-output>
        </test-method> <!-- test_account_Registration -->
        <test-method status="PASS" signature="teadDown()[pri:0, instance:testCases.TC_001_AccountRegistration@47db50c5]" name="teadDown" is-config="true" duration-ms="746" started-at="2021-03-26T17:39:17 MST" finished-at="2021-03-26T17:39:18 MST">
          <reporter-output>
          </reporter-output>
        </test-method> <!-- teadDown -->
      </class> <!-- testCases.TC_001_AccountRegistration -->
    </test> <!-- OpenCart Tests -->
  </suite> <!-- OpenCart TestSuite -->
</testng-results>
